  main.cpp
C:\Users\lucas\OneDrive\Documents\School\Winter 2022\Graphics 2\Workspace\GameJam\BaseProject\main.cpp(415,36): warning C4244: 'argument': conversion from 'double' to 'float', possible loss of data
C:\Users\lucas\OneDrive\Documents\School\Winter 2022\Graphics 2\Workspace\GameJam\BaseProject\main.cpp(560,88): warning C4305: 'argument': truncation from 'double' to 'float'
C:\Users\lucas\OneDrive\Documents\School\Winter 2022\Graphics 2\Workspace\GameJam\BaseProject\main.cpp(406,19): warning C4101: 'matModel': unreferenced local variable
C:\Users\lucas\OneDrive\Documents\School\Winter 2022\Graphics 2\Workspace\GameJam\BaseProject\main.cpp(773,58): warning C4267: '=': conversion from 'size_t' to 'unsigned int', possible loss of data
C:\Users\lucas\OneDrive\Documents\School\Winter 2022\Graphics 2\Workspace\GameJam\BaseProject\main.cpp(785,62): warning C4267: '=': conversion from 'size_t' to 'unsigned int', possible loss of data
C:\Users\lucas\OneDrive\Documents\School\Winter 2022\Graphics 2\Workspace\GameJam\BaseProject\main.cpp(797,62): warning C4267: '=': conversion from 'size_t' to 'unsigned int', possible loss of data
C:\Users\lucas\OneDrive\Documents\School\Winter 2022\Graphics 2\Workspace\GameJam\BaseProject\main.cpp(809,64): warning C4267: '=': conversion from 'size_t' to 'unsigned int', possible loss of data
C:\Users\lucas\OneDrive\Documents\School\Winter 2022\Graphics 2\Workspace\GameJam\BaseProject\main.cpp(821,64): warning C4267: '=': conversion from 'size_t' to 'unsigned int', possible loss of data
C:\Users\lucas\OneDrive\Documents\School\Winter 2022\Graphics 2\Workspace\GameJam\BaseProject\main.cpp(833,62): warning C4267: '=': conversion from 'size_t' to 'unsigned int', possible loss of data
C:\Users\lucas\OneDrive\Documents\School\Winter 2022\Graphics 2\Workspace\GameJam\BaseProject\main.cpp(845,64): warning C4267: '=': conversion from 'size_t' to 'unsigned int', possible loss of data
C:\Users\lucas\OneDrive\Documents\School\Winter 2022\Graphics 2\Workspace\GameJam\BaseProject\main.cpp(857,64): warning C4267: '=': conversion from 'size_t' to 'unsigned int', possible loss of data
C:\Users\lucas\OneDrive\Documents\School\Winter 2022\Graphics 2\Workspace\GameJam\BaseProject\main.cpp(869,62): warning C4267: '=': conversion from 'size_t' to 'unsigned int', possible loss of data
C:\Users\lucas\OneDrive\Documents\School\Winter 2022\Graphics 2\Workspace\GameJam\BaseProject\main.cpp(881,62): warning C4267: '=': conversion from 'size_t' to 'unsigned int', possible loss of data
C:\Users\lucas\OneDrive\Documents\School\Winter 2022\Graphics 2\Workspace\GameJam\BaseProject\main.cpp(893,66): warning C4267: '=': conversion from 'size_t' to 'unsigned int', possible loss of data
C:\Users\lucas\OneDrive\Documents\School\Winter 2022\Graphics 2\Workspace\GameJam\BaseProject\main.cpp(905,66): warning C4267: '=': conversion from 'size_t' to 'unsigned int', possible loss of data
C:\Users\lucas\OneDrive\Documents\School\Winter 2022\Graphics 2\Workspace\GameJam\BaseProject\main.cpp(917,66): warning C4267: '=': conversion from 'size_t' to 'unsigned int', possible loss of data
C:\Users\lucas\OneDrive\Documents\School\Winter 2022\Graphics 2\Workspace\GameJam\BaseProject\main.cpp(929,66): warning C4267: '=': conversion from 'size_t' to 'unsigned int', possible loss of data
C:\Users\lucas\OneDrive\Documents\School\Winter 2022\Graphics 2\Workspace\GameJam\BaseProject\main.cpp(942,55): warning C4267: '=': conversion from 'size_t' to 'unsigned int', possible loss of data
C:\Users\lucas\OneDrive\Documents\School\Winter 2022\Graphics 2\Workspace\GameJam\BaseProject\main.cpp(955,55): warning C4267: '=': conversion from 'size_t' to 'unsigned int', possible loss of data
C:\Users\lucas\OneDrive\Documents\School\Winter 2022\Graphics 2\Workspace\GameJam\BaseProject\main.cpp(968,62): warning C4267: '=': conversion from 'size_t' to 'unsigned int', possible loss of data
C:\Users\lucas\OneDrive\Documents\School\Winter 2022\Graphics 2\Workspace\GameJam\BaseProject\main.cpp(981,62): warning C4267: '=': conversion from 'size_t' to 'unsigned int', possible loss of data
C:\Users\lucas\OneDrive\Documents\School\Winter 2022\Graphics 2\Workspace\GameJam\BaseProject\main.cpp(994,62): warning C4267: '=': conversion from 'size_t' to 'unsigned int', possible loss of data
C:\Users\lucas\OneDrive\Documents\School\Winter 2022\Graphics 2\Workspace\GameJam\BaseProject\main.cpp(1007,62): warning C4267: '=': conversion from 'size_t' to 'unsigned int', possible loss of data
C:\Users\lucas\OneDrive\Documents\School\Winter 2022\Graphics 2\Workspace\GameJam\BaseProject\main.cpp(1020,64): warning C4267: '=': conversion from 'size_t' to 'unsigned int', possible loss of data
C:\Users\lucas\OneDrive\Documents\School\Winter 2022\Graphics 2\Workspace\GameJam\BaseProject\main.cpp(1033,64): warning C4267: '=': conversion from 'size_t' to 'unsigned int', possible loss of data
C:\Users\lucas\OneDrive\Documents\School\Winter 2022\Graphics 2\Workspace\GameJam\BaseProject\main.cpp(1046,64): warning C4267: '=': conversion from 'size_t' to 'unsigned int', possible loss of data
C:\Users\lucas\OneDrive\Documents\School\Winter 2022\Graphics 2\Workspace\GameJam\BaseProject\main.cpp(1059,64): warning C4267: '=': conversion from 'size_t' to 'unsigned int', possible loss of data
C:\Users\lucas\OneDrive\Documents\School\Winter 2022\Graphics 2\Workspace\GameJam\BaseProject\main.cpp(1072,66): warning C4267: '=': conversion from 'size_t' to 'unsigned int', possible loss of data
C:\Users\lucas\OneDrive\Documents\School\Winter 2022\Graphics 2\Workspace\GameJam\BaseProject\main.cpp(1085,66): warning C4267: '=': conversion from 'size_t' to 'unsigned int', possible loss of data
C:\Users\lucas\OneDrive\Documents\School\Winter 2022\Graphics 2\Workspace\GameJam\BaseProject\main.cpp(1098,66): warning C4267: '=': conversion from 'size_t' to 'unsigned int', possible loss of data
C:\Users\lucas\OneDrive\Documents\School\Winter 2022\Graphics 2\Workspace\GameJam\BaseProject\main.cpp(1111,66): warning C4267: '=': conversion from 'size_t' to 'unsigned int', possible loss of data
C:\Users\lucas\OneDrive\Documents\School\Winter 2022\Graphics 2\Workspace\GameJam\BaseProject\main.cpp(1126,60): warning C4267: '=': conversion from 'size_t' to 'unsigned int', possible loss of data
C:\Users\lucas\OneDrive\Documents\School\Winter 2022\Graphics 2\Workspace\GameJam\BaseProject\main.cpp(1143,66): warning C4267: '=': conversion from 'size_t' to 'unsigned int', possible loss of data
C:\Users\lucas\OneDrive\Documents\School\Winter 2022\Graphics 2\Workspace\GameJam\BaseProject\main.cpp(1161,66): warning C4267: '=': conversion from 'size_t' to 'unsigned int', possible loss of data
C:\Users\lucas\OneDrive\Documents\School\Winter 2022\Graphics 2\Workspace\GameJam\BaseProject\main.cpp(1179,66): warning C4267: '=': conversion from 'size_t' to 'unsigned int', possible loss of data
C:\Users\lucas\OneDrive\Documents\School\Winter 2022\Graphics 2\Workspace\GameJam\BaseProject\main.cpp(1197,68): warning C4267: '=': conversion from 'size_t' to 'unsigned int', possible loss of data
C:\Users\lucas\OneDrive\Documents\School\Winter 2022\Graphics 2\Workspace\GameJam\BaseProject\main.cpp(1215,68): warning C4267: '=': conversion from 'size_t' to 'unsigned int', possible loss of data
C:\Users\lucas\OneDrive\Documents\School\Winter 2022\Graphics 2\Workspace\GameJam\BaseProject\main.cpp(1228,64): warning C4267: '=': conversion from 'size_t' to 'unsigned int', possible loss of data
C:\Users\lucas\OneDrive\Documents\School\Winter 2022\Graphics 2\Workspace\GameJam\BaseProject\main.cpp(1240,64): warning C4267: '=': conversion from 'size_t' to 'unsigned int', possible loss of data
C:\Users\lucas\OneDrive\Documents\School\Winter 2022\Graphics 2\Workspace\GameJam\BaseProject\main.cpp(1252,64): warning C4267: '=': conversion from 'size_t' to 'unsigned int', possible loss of data
C:\Users\lucas\OneDrive\Documents\School\Winter 2022\Graphics 2\Workspace\GameJam\BaseProject\main.cpp(1264,64): warning C4267: '=': conversion from 'size_t' to 'unsigned int', possible loss of data
C:\Users\lucas\OneDrive\Documents\School\Winter 2022\Graphics 2\Workspace\GameJam\BaseProject\main.cpp(1277,58): warning C4267: '=': conversion from 'size_t' to 'unsigned int', possible loss of data
C:\Users\lucas\OneDrive\Documents\School\Winter 2022\Graphics 2\Workspace\GameJam\BaseProject\main.cpp(1289,54): warning C4267: '=': conversion from 'size_t' to 'unsigned int', possible loss of data
C:\Users\lucas\OneDrive\Documents\School\Winter 2022\Graphics 2\Workspace\GameJam\BaseProject\main.cpp(1301,50): warning C4267: '=': conversion from 'size_t' to 'unsigned int', possible loss of data
C:\Users\lucas\OneDrive\Documents\School\Winter 2022\Graphics 2\Workspace\GameJam\BaseProject\main.cpp(1313,56): warning C4267: '=': conversion from 'size_t' to 'unsigned int', possible loss of data
  BaseProject.vcxproj -> C:\Users\lucas\OneDrive\Documents\School\Winter 2022\Graphics 2\Workspace\GameJam\x64\Debug\BaseProject.exe
