c:\users\lucas\onedrive\documents\school\winter 2022\graphics 2\workspace\gamejam\baseproject\x64\release\vc142.pdb
c:\users\lucas\onedrive\documents\school\winter 2022\graphics 2\workspace\gamejam\baseproject\x64\release\glfw_key_callback.obj
c:\users\lucas\onedrive\documents\school\winter 2022\graphics 2\workspace\gamejam\baseproject\x64\release\glfw_error_callback.obj
c:\users\lucas\onedrive\documents\school\winter 2022\graphics 2\workspace\gamejam\baseproject\x64\release\drawobject_function.obj
c:\users\lucas\onedrive\documents\school\winter 2022\graphics 2\workspace\gamejam\baseproject\x64\release\cvaomanager.obj
c:\users\lucas\onedrive\documents\school\winter 2022\graphics 2\workspace\gamejam\baseproject\x64\release\ctexturefrombmp.obj
c:\users\lucas\onedrive\documents\school\winter 2022\graphics 2\workspace\gamejam\baseproject\x64\release\cspriteanimation.obj
c:\users\lucas\onedrive\documents\school\winter 2022\graphics 2\workspace\gamejam\baseproject\x64\release\cshadermanager.obj
c:\users\lucas\onedrive\documents\school\winter 2022\graphics 2\workspace\gamejam\baseproject\x64\release\cshader.obj
c:\users\lucas\onedrive\documents\school\winter 2022\graphics 2\workspace\gamejam\baseproject\x64\release\cplayer.obj
c:\users\lucas\onedrive\documents\school\winter 2022\graphics 2\workspace\gamejam\baseproject\x64\release\cmodelanimation.obj
c:\users\lucas\onedrive\documents\school\winter 2022\graphics 2\workspace\gamejam\baseproject\x64\release\cmesh.obj
c:\users\lucas\onedrive\documents\school\winter 2022\graphics 2\workspace\gamejam\baseproject\x64\release\cmaploader.obj
c:\users\lucas\onedrive\documents\school\winter 2022\graphics 2\workspace\gamejam\baseproject\x64\release\clightmanager.obj
c:\users\lucas\onedrive\documents\school\winter 2022\graphics 2\workspace\gamejam\baseproject\x64\release\clighthelper.obj
c:\users\lucas\onedrive\documents\school\winter 2022\graphics 2\workspace\gamejam\baseproject\x64\release\cglfwkeyboardmodifiers.obj
c:\users\lucas\onedrive\documents\school\winter 2022\graphics 2\workspace\gamejam\baseproject\x64\release\cflycamera.obj
c:\users\lucas\onedrive\documents\school\winter 2022\graphics 2\workspace\gamejam\baseproject\x64\release\cfbo.obj
c:\users\lucas\onedrive\documents\school\winter 2022\graphics 2\workspace\gamejam\baseproject\x64\release\cbasictexturemanager.obj
c:\users\lucas\onedrive\documents\school\winter 2022\graphics 2\workspace\gamejam\baseproject\x64\release\canimationsystem.obj
c:\users\lucas\onedrive\documents\school\winter 2022\graphics 2\workspace\gamejam\baseproject\x64\release\c24bitbmppixel.obj
c:\users\lucas\onedrive\documents\school\winter 2022\graphics 2\workspace\gamejam\baseproject\x64\release\startup.obj
c:\users\lucas\onedrive\documents\school\winter 2022\graphics 2\workspace\gamejam\baseproject\x64\release\shutdown.obj
c:\users\lucas\onedrive\documents\school\winter 2022\graphics 2\workspace\gamejam\baseproject\x64\release\main.obj
c:\users\lucas\onedrive\documents\school\winter 2022\graphics 2\workspace\gamejam\baseproject\x64\release\load3dmodels.obj
c:\users\lucas\onedrive\documents\school\winter 2022\graphics 2\workspace\gamejam\baseproject\x64\release\inputhandling.obj
c:\users\lucas\onedrive\documents\school\winter 2022\graphics 2\workspace\gamejam\baseproject\x64\release\imgui_widgets.obj
c:\users\lucas\onedrive\documents\school\winter 2022\graphics 2\workspace\gamejam\baseproject\x64\release\imgui_tables.obj
c:\users\lucas\onedrive\documents\school\winter 2022\graphics 2\workspace\gamejam\baseproject\x64\release\imgui_impl_opengl3.obj
c:\users\lucas\onedrive\documents\school\winter 2022\graphics 2\workspace\gamejam\baseproject\x64\release\imgui_impl_glfw.obj
c:\users\lucas\onedrive\documents\school\winter 2022\graphics 2\workspace\gamejam\baseproject\x64\release\imgui_draw.obj
c:\users\lucas\onedrive\documents\school\winter 2022\graphics 2\workspace\gamejam\baseproject\x64\release\imgui_demo.obj
c:\users\lucas\onedrive\documents\school\winter 2022\graphics 2\workspace\gamejam\baseproject\x64\release\imgui.obj
c:\users\lucas\onedrive\documents\school\winter 2022\graphics 2\workspace\gamejam\baseproject\x64\release\globalthings.obj
c:\users\lucas\onedrive\documents\school\winter 2022\graphics 2\workspace\gamejam\baseproject\x64\release\glad.obj
c:\users\lucas\onedrive\documents\school\winter 2022\graphics 2\workspace\gamejam\baseproject\x64\release\cassimpmesh.obj
c:\users\lucas\onedrive\documents\school\winter 2022\graphics 2\workspace\gamejam\x64\release\baseproject.exe
c:\users\lucas\onedrive\documents\school\winter 2022\graphics 2\workspace\gamejam\baseproject\x64\release\baseproject.ipdb
c:\users\lucas\onedrive\documents\school\winter 2022\graphics 2\workspace\gamejam\baseproject\x64\release\baseproject.iobj
c:\users\lucas\onedrive\documents\school\winter 2022\graphics 2\workspace\gamejam\x64\release\baseproject.pdb
c:\users\lucas\onedrive\documents\school\winter 2022\graphics 2\workspace\gamejam\baseproject\x64\release\baseproject.tlog\cl.command.1.tlog
c:\users\lucas\onedrive\documents\school\winter 2022\graphics 2\workspace\gamejam\baseproject\x64\release\baseproject.tlog\cl.read.1.tlog
c:\users\lucas\onedrive\documents\school\winter 2022\graphics 2\workspace\gamejam\baseproject\x64\release\baseproject.tlog\cl.write.1.tlog
c:\users\lucas\onedrive\documents\school\winter 2022\graphics 2\workspace\gamejam\baseproject\x64\release\baseproject.tlog\link.command.1.tlog
c:\users\lucas\onedrive\documents\school\winter 2022\graphics 2\workspace\gamejam\baseproject\x64\release\baseproject.tlog\link.read.1.tlog
c:\users\lucas\onedrive\documents\school\winter 2022\graphics 2\workspace\gamejam\baseproject\x64\release\baseproject.tlog\link.write.1.tlog
