  DrawObject_function.cpp
  GLFW_error_callback.cpp
  GLFW_key_callback.cpp
  InputHandling.cpp
  Shutdown.cpp
  StartUp.cpp
  cAssimpMesh.cpp
  cGLFWKeyboardModifiers.cpp
  cMapLoader.cpp
C:\Users\lucas\OneDrive\Documents\School\Winter 2022\Graphics 2\Workspace\GameJam\BaseProject\cMapLoader.cpp(122,65): warning C4244: '=': conversion from 'int' to 'float', possible loss of data
C:\Users\lucas\OneDrive\Documents\School\Winter 2022\Graphics 2\Workspace\GameJam\BaseProject\cMapLoader.cpp(1160,26): warning C4244: 'initializing': conversion from 'float' to 'int', possible loss of data
C:\Users\lucas\OneDrive\Documents\School\Winter 2022\Graphics 2\Workspace\GameJam\BaseProject\cMapLoader.cpp(1161,25): warning C4244: 'initializing': conversion from 'float' to 'int', possible loss of data
C:\Users\lucas\OneDrive\Documents\School\Winter 2022\Graphics 2\Workspace\GameJam\BaseProject\cMapLoader.cpp(1163,28): warning C4244: 'initializing': conversion from 'float' to 'int', possible loss of data
C:\Users\lucas\OneDrive\Documents\School\Winter 2022\Graphics 2\Workspace\GameJam\BaseProject\cMapLoader.cpp(1165,27): warning C4244: '=': conversion from 'int' to 'T', possible loss of data
          with
          [
              T=float
          ]
C:\Users\lucas\OneDrive\Documents\School\Winter 2022\Graphics 2\Workspace\GameJam\BaseProject\cMapLoader.cpp(1177,26): warning C4244: 'initializing': conversion from 'float' to 'int', possible loss of data
C:\Users\lucas\OneDrive\Documents\School\Winter 2022\Graphics 2\Workspace\GameJam\BaseProject\cMapLoader.cpp(1178,25): warning C4244: 'initializing': conversion from 'float' to 'int', possible loss of data
C:\Users\lucas\OneDrive\Documents\School\Winter 2022\Graphics 2\Workspace\GameJam\BaseProject\cMapLoader.cpp(1180,28): warning C4244: 'initializing': conversion from 'float' to 'int', possible loss of data
C:\Users\lucas\OneDrive\Documents\School\Winter 2022\Graphics 2\Workspace\GameJam\BaseProject\cMapLoader.cpp(1182,27): warning C4244: '=': conversion from 'int' to 'T', possible loss of data
          with
          [
              T=float
          ]
C:\Users\lucas\OneDrive\Documents\School\Winter 2022\Graphics 2\Workspace\GameJam\BaseProject\cMapLoader.cpp(1194,26): warning C4244: 'initializing': conversion from 'float' to 'int', possible loss of data
C:\Users\lucas\OneDrive\Documents\School\Winter 2022\Graphics 2\Workspace\GameJam\BaseProject\cMapLoader.cpp(1195,25): warning C4244: 'initializing': conversion from 'float' to 'int', possible loss of data
C:\Users\lucas\OneDrive\Documents\School\Winter 2022\Graphics 2\Workspace\GameJam\BaseProject\cMapLoader.cpp(1197,28): warning C4244: 'initializing': conversion from 'float' to 'int', possible loss of data
C:\Users\lucas\OneDrive\Documents\School\Winter 2022\Graphics 2\Workspace\GameJam\BaseProject\cMapLoader.cpp(1199,27): warning C4244: '=': conversion from 'int' to 'T', possible loss of data
          with
          [
              T=float
          ]
C:\Users\lucas\OneDrive\Documents\School\Winter 2022\Graphics 2\Workspace\GameJam\BaseProject\cMapLoader.cpp(1214,26): warning C4244: 'initializing': conversion from 'float' to 'int', possible loss of data
C:\Users\lucas\OneDrive\Documents\School\Winter 2022\Graphics 2\Workspace\GameJam\BaseProject\cMapLoader.cpp(1215,25): warning C4244: 'initializing': conversion from 'float' to 'int', possible loss of data
C:\Users\lucas\OneDrive\Documents\School\Winter 2022\Graphics 2\Workspace\GameJam\BaseProject\cMapLoader.cpp(1217,28): warning C4244: 'initializing': conversion from 'float' to 'int', possible loss of data
C:\Users\lucas\OneDrive\Documents\School\Winter 2022\Graphics 2\Workspace\GameJam\BaseProject\cMapLoader.cpp(1219,27): warning C4244: '=': conversion from 'int' to 'T', possible loss of data
          with
          [
              T=float
          ]
C:\Users\lucas\OneDrive\Documents\School\Winter 2022\Graphics 2\Workspace\GameJam\BaseProject\cMapLoader.cpp(1231,26): warning C4244: 'initializing': conversion from 'float' to 'int', possible loss of data
C:\Users\lucas\OneDrive\Documents\School\Winter 2022\Graphics 2\Workspace\GameJam\BaseProject\cMapLoader.cpp(1232,25): warning C4244: 'initializing': conversion from 'float' to 'int', possible loss of data
C:\Users\lucas\OneDrive\Documents\School\Winter 2022\Graphics 2\Workspace\GameJam\BaseProject\cMapLoader.cpp(1234,28): warning C4244: 'initializing': conversion from 'float' to 'int', possible loss of data
C:\Users\lucas\OneDrive\Documents\School\Winter 2022\Graphics 2\Workspace\GameJam\BaseProject\cMapLoader.cpp(1236,27): warning C4244: '=': conversion from 'int' to 'T', possible loss of data
          with
          [
              T=float
          ]
C:\Users\lucas\OneDrive\Documents\School\Winter 2022\Graphics 2\Workspace\GameJam\BaseProject\cMapLoader.cpp(1251,26): warning C4244: 'initializing': conversion from 'float' to 'int', possible loss of data
C:\Users\lucas\OneDrive\Documents\School\Winter 2022\Graphics 2\Workspace\GameJam\BaseProject\cMapLoader.cpp(1252,25): warning C4244: 'initializing': conversion from 'float' to 'int', possible loss of data
C:\Users\lucas\OneDrive\Documents\School\Winter 2022\Graphics 2\Workspace\GameJam\BaseProject\cMapLoader.cpp(1254,28): warning C4244: 'initializing': conversion from 'float' to 'int', possible loss of data
C:\Users\lucas\OneDrive\Documents\School\Winter 2022\Graphics 2\Workspace\GameJam\BaseProject\cMapLoader.cpp(1256,27): warning C4244: '=': conversion from 'int' to 'T', possible loss of data
          with
          [
              T=float
          ]
C:\Users\lucas\OneDrive\Documents\School\Winter 2022\Graphics 2\Workspace\GameJam\BaseProject\cMapLoader.cpp(1268,26): warning C4244: 'initializing': conversion from 'float' to 'int', possible loss of data
C:\Users\lucas\OneDrive\Documents\School\Winter 2022\Graphics 2\Workspace\GameJam\BaseProject\cMapLoader.cpp(1269,25): warning C4244: 'initializing': conversion from 'float' to 'int', possible loss of data
C:\Users\lucas\OneDrive\Documents\School\Winter 2022\Graphics 2\Workspace\GameJam\BaseProject\cMapLoader.cpp(1271,28): warning C4244: 'initializing': conversion from 'float' to 'int', possible loss of data
C:\Users\lucas\OneDrive\Documents\School\Winter 2022\Graphics 2\Workspace\GameJam\BaseProject\cMapLoader.cpp(1273,27): warning C4244: '=': conversion from 'int' to 'T', possible loss of data
          with
          [
              T=float
          ]
C:\Users\lucas\OneDrive\Documents\School\Winter 2022\Graphics 2\Workspace\GameJam\BaseProject\cMapLoader.cpp(1288,26): warning C4244: 'initializing': conversion from 'float' to 'int', possible loss of data
C:\Users\lucas\OneDrive\Documents\School\Winter 2022\Graphics 2\Workspace\GameJam\BaseProject\cMapLoader.cpp(1289,25): warning C4244: 'initializing': conversion from 'float' to 'int', possible loss of data
C:\Users\lucas\OneDrive\Documents\School\Winter 2022\Graphics 2\Workspace\GameJam\BaseProject\cMapLoader.cpp(1291,28): warning C4244: 'initializing': conversion from 'float' to 'int', possible loss of data
C:\Users\lucas\OneDrive\Documents\School\Winter 2022\Graphics 2\Workspace\GameJam\BaseProject\cMapLoader.cpp(1293,27): warning C4244: '=': conversion from 'int' to 'T', possible loss of data
          with
          [
              T=float
          ]
C:\Users\lucas\OneDrive\Documents\School\Winter 2022\Graphics 2\Workspace\GameJam\BaseProject\cMapLoader.cpp(1308,26): warning C4244: 'initializing': conversion from 'float' to 'int', possible loss of data
C:\Users\lucas\OneDrive\Documents\School\Winter 2022\Graphics 2\Workspace\GameJam\BaseProject\cMapLoader.cpp(1309,25): warning C4244: 'initializing': conversion from 'float' to 'int', possible loss of data
C:\Users\lucas\OneDrive\Documents\School\Winter 2022\Graphics 2\Workspace\GameJam\BaseProject\cMapLoader.cpp(1311,28): warning C4244: 'initializing': conversion from 'float' to 'int', possible loss of data
C:\Users\lucas\OneDrive\Documents\School\Winter 2022\Graphics 2\Workspace\GameJam\BaseProject\cMapLoader.cpp(1313,27): warning C4244: '=': conversion from 'int' to 'T', possible loss of data
          with
          [
              T=float
          ]
C:\Users\lucas\OneDrive\Documents\School\Winter 2022\Graphics 2\Workspace\GameJam\BaseProject\cMapLoader.cpp(1428,45): warning C4244: '=': conversion from 'double' to 'T', possible loss of data
          with
          [
              T=float
          ]
  cPlayer.cpp
C:\Users\lucas\OneDrive\Documents\School\Winter 2022\Graphics 2\Workspace\GameJam\BaseProject\cPlayer.cpp(67,21): warning C4244: 'initializing': conversion from 'float' to 'int', possible loss of data
C:\Users\lucas\OneDrive\Documents\School\Winter 2022\Graphics 2\Workspace\GameJam\BaseProject\cPlayer.cpp(89,21): warning C4244: 'initializing': conversion from 'float' to 'int', possible loss of data
C:\Users\lucas\OneDrive\Documents\School\Winter 2022\Graphics 2\Workspace\GameJam\BaseProject\cPlayer.cpp(111,21): warning C4244: 'initializing': conversion from 'float' to 'int', possible loss of data
C:\Users\lucas\OneDrive\Documents\School\Winter 2022\Graphics 2\Workspace\GameJam\BaseProject\cPlayer.cpp(133,21): warning C4244: 'initializing': conversion from 'float' to 'int', possible loss of data
C:\Users\lucas\OneDrive\Documents\School\Winter 2022\Graphics 2\Workspace\GameJam\BaseProject\cPlayer.cpp(194,21): warning C4244: 'initializing': conversion from 'float' to 'int', possible loss of data
C:\Users\lucas\OneDrive\Documents\School\Winter 2022\Graphics 2\Workspace\GameJam\BaseProject\cPlayer.cpp(216,21): warning C4244: 'initializing': conversion from 'float' to 'int', possible loss of data
C:\Users\lucas\OneDrive\Documents\School\Winter 2022\Graphics 2\Workspace\GameJam\BaseProject\cPlayer.cpp(238,21): warning C4244: 'initializing': conversion from 'float' to 'int', possible loss of data
C:\Users\lucas\OneDrive\Documents\School\Winter 2022\Graphics 2\Workspace\GameJam\BaseProject\cPlayer.cpp(260,21): warning C4244: 'initializing': conversion from 'float' to 'int', possible loss of data
  globalThings.cpp
  main.cpp
C:\Users\lucas\OneDrive\Documents\School\Winter 2022\Graphics 2\Workspace\GameJam\BaseProject\main.cpp(415,36): warning C4244: 'argument': conversion from 'double' to 'float', possible loss of data
C:\Users\lucas\OneDrive\Documents\School\Winter 2022\Graphics 2\Workspace\GameJam\BaseProject\main.cpp(560,88): warning C4305: 'argument': truncation from 'double' to 'float'
C:\Users\lucas\OneDrive\Documents\School\Winter 2022\Graphics 2\Workspace\GameJam\BaseProject\main.cpp(406,19): warning C4101: 'matModel': unreferenced local variable
C:\Users\lucas\OneDrive\Documents\School\Winter 2022\Graphics 2\Workspace\GameJam\BaseProject\main.cpp(773,58): warning C4267: '=': conversion from 'size_t' to 'unsigned int', possible loss of data
C:\Users\lucas\OneDrive\Documents\School\Winter 2022\Graphics 2\Workspace\GameJam\BaseProject\main.cpp(785,62): warning C4267: '=': conversion from 'size_t' to 'unsigned int', possible loss of data
C:\Users\lucas\OneDrive\Documents\School\Winter 2022\Graphics 2\Workspace\GameJam\BaseProject\main.cpp(797,62): warning C4267: '=': conversion from 'size_t' to 'unsigned int', possible loss of data
C:\Users\lucas\OneDrive\Documents\School\Winter 2022\Graphics 2\Workspace\GameJam\BaseProject\main.cpp(809,64): warning C4267: '=': conversion from 'size_t' to 'unsigned int', possible loss of data
C:\Users\lucas\OneDrive\Documents\School\Winter 2022\Graphics 2\Workspace\GameJam\BaseProject\main.cpp(821,64): warning C4267: '=': conversion from 'size_t' to 'unsigned int', possible loss of data
C:\Users\lucas\OneDrive\Documents\School\Winter 2022\Graphics 2\Workspace\GameJam\BaseProject\main.cpp(833,62): warning C4267: '=': conversion from 'size_t' to 'unsigned int', possible loss of data
C:\Users\lucas\OneDrive\Documents\School\Winter 2022\Graphics 2\Workspace\GameJam\BaseProject\main.cpp(845,64): warning C4267: '=': conversion from 'size_t' to 'unsigned int', possible loss of data
C:\Users\lucas\OneDrive\Documents\School\Winter 2022\Graphics 2\Workspace\GameJam\BaseProject\main.cpp(857,64): warning C4267: '=': conversion from 'size_t' to 'unsigned int', possible loss of data
C:\Users\lucas\OneDrive\Documents\School\Winter 2022\Graphics 2\Workspace\GameJam\BaseProject\main.cpp(869,62): warning C4267: '=': conversion from 'size_t' to 'unsigned int', possible loss of data
C:\Users\lucas\OneDrive\Documents\School\Winter 2022\Graphics 2\Workspace\GameJam\BaseProject\main.cpp(881,62): warning C4267: '=': conversion from 'size_t' to 'unsigned int', possible loss of data
C:\Users\lucas\OneDrive\Documents\School\Winter 2022\Graphics 2\Workspace\GameJam\BaseProject\main.cpp(893,66): warning C4267: '=': conversion from 'size_t' to 'unsigned int', possible loss of data
C:\Users\lucas\OneDrive\Documents\School\Winter 2022\Graphics 2\Workspace\GameJam\BaseProject\main.cpp(905,66): warning C4267: '=': conversion from 'size_t' to 'unsigned int', possible loss of data
C:\Users\lucas\OneDrive\Documents\School\Winter 2022\Graphics 2\Workspace\GameJam\BaseProject\main.cpp(917,66): warning C4267: '=': conversion from 'size_t' to 'unsigned int', possible loss of data
C:\Users\lucas\OneDrive\Documents\School\Winter 2022\Graphics 2\Workspace\GameJam\BaseProject\main.cpp(929,66): warning C4267: '=': conversion from 'size_t' to 'unsigned int', possible loss of data
C:\Users\lucas\OneDrive\Documents\School\Winter 2022\Graphics 2\Workspace\GameJam\BaseProject\main.cpp(942,55): warning C4267: '=': conversion from 'size_t' to 'unsigned int', possible loss of data
C:\Users\lucas\OneDrive\Documents\School\Winter 2022\Graphics 2\Workspace\GameJam\BaseProject\main.cpp(955,55): warning C4267: '=': conversion from 'size_t' to 'unsigned int', possible loss of data
C:\Users\lucas\OneDrive\Documents\School\Winter 2022\Graphics 2\Workspace\GameJam\BaseProject\main.cpp(968,62): warning C4267: '=': conversion from 'size_t' to 'unsigned int', possible loss of data
C:\Users\lucas\OneDrive\Documents\School\Winter 2022\Graphics 2\Workspace\GameJam\BaseProject\main.cpp(981,62): warning C4267: '=': conversion from 'size_t' to 'unsigned int', possible loss of data
C:\Users\lucas\OneDrive\Documents\School\Winter 2022\Graphics 2\Workspace\GameJam\BaseProject\main.cpp(994,62): warning C4267: '=': conversion from 'size_t' to 'unsigned int', possible loss of data
C:\Users\lucas\OneDrive\Documents\School\Winter 2022\Graphics 2\Workspace\GameJam\BaseProject\main.cpp(1007,62): warning C4267: '=': conversion from 'size_t' to 'unsigned int', possible loss of data
C:\Users\lucas\OneDrive\Documents\School\Winter 2022\Graphics 2\Workspace\GameJam\BaseProject\main.cpp(1020,64): warning C4267: '=': conversion from 'size_t' to 'unsigned int', possible loss of data
C:\Users\lucas\OneDrive\Documents\School\Winter 2022\Graphics 2\Workspace\GameJam\BaseProject\main.cpp(1033,64): warning C4267: '=': conversion from 'size_t' to 'unsigned int', possible loss of data
C:\Users\lucas\OneDrive\Documents\School\Winter 2022\Graphics 2\Workspace\GameJam\BaseProject\main.cpp(1046,64): warning C4267: '=': conversion from 'size_t' to 'unsigned int', possible loss of data
C:\Users\lucas\OneDrive\Documents\School\Winter 2022\Graphics 2\Workspace\GameJam\BaseProject\main.cpp(1059,64): warning C4267: '=': conversion from 'size_t' to 'unsigned int', possible loss of data
C:\Users\lucas\OneDrive\Documents\School\Winter 2022\Graphics 2\Workspace\GameJam\BaseProject\main.cpp(1072,66): warning C4267: '=': conversion from 'size_t' to 'unsigned int', possible loss of data
C:\Users\lucas\OneDrive\Documents\School\Winter 2022\Graphics 2\Workspace\GameJam\BaseProject\main.cpp(1085,66): warning C4267: '=': conversion from 'size_t' to 'unsigned int', possible loss of data
C:\Users\lucas\OneDrive\Documents\School\Winter 2022\Graphics 2\Workspace\GameJam\BaseProject\main.cpp(1098,66): warning C4267: '=': conversion from 'size_t' to 'unsigned int', possible loss of data
C:\Users\lucas\OneDrive\Documents\School\Winter 2022\Graphics 2\Workspace\GameJam\BaseProject\main.cpp(1111,66): warning C4267: '=': conversion from 'size_t' to 'unsigned int', possible loss of data
C:\Users\lucas\OneDrive\Documents\School\Winter 2022\Graphics 2\Workspace\GameJam\BaseProject\main.cpp(1126,60): warning C4267: '=': conversion from 'size_t' to 'unsigned int', possible loss of data
C:\Users\lucas\OneDrive\Documents\School\Winter 2022\Graphics 2\Workspace\GameJam\BaseProject\main.cpp(1143,66): warning C4267: '=': conversion from 'size_t' to 'unsigned int', possible loss of data
C:\Users\lucas\OneDrive\Documents\School\Winter 2022\Graphics 2\Workspace\GameJam\BaseProject\main.cpp(1161,66): warning C4267: '=': conversion from 'size_t' to 'unsigned int', possible loss of data
C:\Users\lucas\OneDrive\Documents\School\Winter 2022\Graphics 2\Workspace\GameJam\BaseProject\main.cpp(1179,66): warning C4267: '=': conversion from 'size_t' to 'unsigned int', possible loss of data
C:\Users\lucas\OneDrive\Documents\School\Winter 2022\Graphics 2\Workspace\GameJam\BaseProject\main.cpp(1197,68): warning C4267: '=': conversion from 'size_t' to 'unsigned int', possible loss of data
C:\Users\lucas\OneDrive\Documents\School\Winter 2022\Graphics 2\Workspace\GameJam\BaseProject\main.cpp(1215,68): warning C4267: '=': conversion from 'size_t' to 'unsigned int', possible loss of data
C:\Users\lucas\OneDrive\Documents\School\Winter 2022\Graphics 2\Workspace\GameJam\BaseProject\main.cpp(1228,64): warning C4267: '=': conversion from 'size_t' to 'unsigned int', possible loss of data
C:\Users\lucas\OneDrive\Documents\School\Winter 2022\Graphics 2\Workspace\GameJam\BaseProject\main.cpp(1240,64): warning C4267: '=': conversion from 'size_t' to 'unsigned int', possible loss of data
C:\Users\lucas\OneDrive\Documents\School\Winter 2022\Graphics 2\Workspace\GameJam\BaseProject\main.cpp(1252,64): warning C4267: '=': conversion from 'size_t' to 'unsigned int', possible loss of data
C:\Users\lucas\OneDrive\Documents\School\Winter 2022\Graphics 2\Workspace\GameJam\BaseProject\main.cpp(1264,64): warning C4267: '=': conversion from 'size_t' to 'unsigned int', possible loss of data
C:\Users\lucas\OneDrive\Documents\School\Winter 2022\Graphics 2\Workspace\GameJam\BaseProject\main.cpp(1277,58): warning C4267: '=': conversion from 'size_t' to 'unsigned int', possible loss of data
C:\Users\lucas\OneDrive\Documents\School\Winter 2022\Graphics 2\Workspace\GameJam\BaseProject\main.cpp(1289,54): warning C4267: '=': conversion from 'size_t' to 'unsigned int', possible loss of data
C:\Users\lucas\OneDrive\Documents\School\Winter 2022\Graphics 2\Workspace\GameJam\BaseProject\main.cpp(1301,50): warning C4267: '=': conversion from 'size_t' to 'unsigned int', possible loss of data
C:\Users\lucas\OneDrive\Documents\School\Winter 2022\Graphics 2\Workspace\GameJam\BaseProject\main.cpp(1313,56): warning C4267: '=': conversion from 'size_t' to 'unsigned int', possible loss of data
  Generating code
  225 of 3184 functions ( 7.1%) were compiled, the rest were copied from previous compilation.
    107 functions were new in current compilation
    267 functions had inline decision re-evaluated but remain unchanged
  Finished generating code
  BaseProject.vcxproj -> C:\Users\lucas\OneDrive\Documents\School\Winter 2022\Graphics 2\Workspace\GameJam\x64\Release\BaseProject.exe
